<?xml version="1.0" encoding="UTF-8"?>
<testng-results ignored="0" total="1" passed="1" failed="0" skipped="0">
  <reporter-output>
  </reporter-output>
  <suite started-at="2026-07-17T11:36:01 IST" name="Suite" finished-at="2026-07-17T11:36:18 IST" duration-ms="17186">
    <groups>
    </groups>
    <test started-at="2026-07-17T11:36:01 IST" name="Test" finished-at="2026-07-17T11:36:18 IST" duration-ms="17186">
      <class name="Tests.SubmitOrderTest">
        <test-method is-config="true" signature="setup()[pri:0, instance:Tests.SubmitOrderTest@38425407]" started-at="2026-07-17T11:36:01 IST" name="setup" finished-at="2026-07-17T11:36:03 IST" duration-ms="1988" status="PASS">
          <reporter-output>
          </reporter-output>
        </test-method> <!-- setup -->
        <test-method signature="orderTest()[pri:0, instance:Tests.SubmitOrderTest@38425407]" started-at="2026-07-17T11:36:03 IST" name="orderTest" finished-at="2026-07-17T11:36:17 IST" duration-ms="14826" status="PASS">
          <reporter-output>
          </reporter-output>
        </test-method> <!-- orderTest -->
        <test-method is-config="true" signature="tearDown()[pri:0, instance:Tests.SubmitOrderTest@38425407]" started-at="2026-07-17T11:36:17 IST" name="tearDown" finished-at="2026-07-17T11:36:18 IST" duration-ms="340" status="PASS">
          <reporter-output>
          </reporter-output>
        </test-method> <!-- tearDown -->
      </class> <!-- Tests.SubmitOrderTest -->
    </test> <!-- Test -->
  </suite> <!-- Suite -->
</testng-results>
